[2020-10-24 23:20:26.407] [exthost] [info] extension host started
[2020-10-24 23:20:26.773] [exthost] [info] ExtensionService#_doActivateExtension ms-vscode.js-debug {"startup":false,"extensionId":{"value":"ms-vscode.js-debug","_lower":"ms-vscode.js-debug"},"activationEvent":"onDebugDynamicConfigurations"}
[2020-10-24 23:20:26.774] [exthost] [info] ExtensionService#loadCommonJSModule file:///students_home/cs20171143/.vscode-server/bin/d2e414d9e4239a252d1ab117bd7067f125afd80a/extensions/ms-vscode.js-debug/src/extension.js
[2020-10-24 23:20:27.171] [exthost] [info] ExtensionService#_doActivateExtension vscode.debug-auto-launch {"startup":true,"extensionId":{"value":"vscode.debug-auto-launch","_lower":"vscode.debug-auto-launch"},"activationEvent":"*"}
[2020-10-24 23:20:27.171] [exthost] [info] ExtensionService#loadCommonJSModule file:///students_home/cs20171143/.vscode-server/bin/d2e414d9e4239a252d1ab117bd7067f125afd80a/extensions/debug-auto-launch/dist/extension
[2020-10-24 23:20:27.177] [exthost] [info] ExtensionService#_doActivateExtension vscode.emmet {"startup":true,"extensionId":{"value":"vscode.emmet","_lower":"vscode.emmet"},"activationEvent":"*"}
[2020-10-24 23:20:27.177] [exthost] [info] ExtensionService#loadCommonJSModule file:///students_home/cs20171143/.vscode-server/bin/d2e414d9e4239a252d1ab117bd7067f125afd80a/extensions/emmet/dist/node/emmetNodeMain
[2020-10-24 23:20:27.209] [exthost] [info] ExtensionService#_doActivateExtension vscode.git {"startup":true,"extensionId":{"value":"vscode.github","_lower":"vscode.github"},"activationEvent":"*"}
[2020-10-24 23:20:27.209] [exthost] [info] ExtensionService#loadCommonJSModule file:///students_home/cs20171143/.vscode-server/bin/d2e414d9e4239a252d1ab117bd7067f125afd80a/extensions/git/dist/main
[2020-10-24 23:20:27.278] [exthost] [info] ExtensionService#_doActivateExtension vscode.merge-conflict {"startup":true,"extensionId":{"value":"vscode.merge-conflict","_lower":"vscode.merge-conflict"},"activationEvent":"*"}
[2020-10-24 23:20:27.278] [exthost] [info] ExtensionService#loadCommonJSModule file:///students_home/cs20171143/.vscode-server/bin/d2e414d9e4239a252d1ab117bd7067f125afd80a/extensions/merge-conflict/dist/mergeConflictMain
[2020-10-24 23:20:27.284] [exthost] [info] ExtensionService#_doActivateExtension vscode.search-result {"startup":true,"extensionId":{"value":"vscode.search-result","_lower":"vscode.search-result"},"activationEvent":"*"}
[2020-10-24 23:20:27.284] [exthost] [info] ExtensionService#loadCommonJSModule file:///students_home/cs20171143/.vscode-server/bin/d2e414d9e4239a252d1ab117bd7067f125afd80a/extensions/search-result/dist/extension.js
[2020-10-24 23:20:28.005] [exthost] [info] ExtensionService#_doActivateExtension vscode.github {"startup":true,"extensionId":{"value":"vscode.github","_lower":"vscode.github"},"activationEvent":"*"}
[2020-10-24 23:20:28.005] [exthost] [info] ExtensionService#loadCommonJSModule file:///students_home/cs20171143/.vscode-server/bin/d2e414d9e4239a252d1ab117bd7067f125afd80a/extensions/github/dist/extension.js
[2020-10-24 23:20:28.099] [exthost] [info] eager extensions activated
[2020-10-24 23:20:47.487] [exthost] [info] ExtensionService#_doActivateExtension ms-vscode.node-debug2 {"startup":false,"extensionId":{"value":"ms-vscode.node-debug","_lower":"ms-vscode.node-debug"},"activationEvent":"onDebugInitialConfigurations"}
[2020-10-24 23:20:47.488] [exthost] [info] ExtensionService#loadCommonJSModule file:///students_home/cs20171143/.vscode-server/bin/d2e414d9e4239a252d1ab117bd7067f125afd80a/extensions/ms-vscode.node-debug2/out/src/extension
[2020-10-24 23:20:47.538] [exthost] [info] ExtensionService#_doActivateExtension ms-vscode.node-debug {"startup":false,"extensionId":{"value":"ms-vscode.node-debug","_lower":"ms-vscode.node-debug"},"activationEvent":"onDebugInitialConfigurations"}
[2020-10-24 23:20:47.538] [exthost] [info] ExtensionService#loadCommonJSModule file:///students_home/cs20171143/.vscode-server/bin/d2e414d9e4239a252d1ab117bd7067f125afd80a/extensions/ms-vscode.node-debug/dist/extension.js
[2020-10-24 23:20:49.677] [exthost] [info] ExtensionService#_doActivateExtension vscode.debug-server-ready {"startup":false,"extensionId":{"value":"vscode.debug-server-ready","_lower":"vscode.debug-server-ready"},"activationEvent":"onDebugResolve"}
[2020-10-24 23:20:49.677] [exthost] [info] ExtensionService#loadCommonJSModule file:///students_home/cs20171143/.vscode-server/bin/d2e414d9e4239a252d1ab117bd7067f125afd80a/extensions/debug-server-ready/dist/extension
