Looking for git in: git
Using git 1.8.3.1 from git
> git rev-parse --git-dir
Open repository: /students_home/cs20171143/3-2/OS/uni20171143_uni20181281
> git status -z -u
> git symbolic-ref --short HEAD
> git rev-parse master
> git rev-parse --symbolic-full-name master@{u}
> git rev-list --left-right master...refs/remotes/origin/master
> git for-each-ref --sort -committerdate --format %(refname) %(objectname)
> git remote --verbose
> git config --get commit.template
> git check-ignore -v -z --stdin
> git show --textconv :project2-1/pintos/src/userprog/process.c
> git ls-files --stage -- /students_home/cs20171143/3-2/OS/uni20171143_uni20181281/project2-1/pintos/src/userprog/process.c
> git cat-file -s 3ffc3989f76bec9891c6e9f42f33062da4eff3b1
> git ls-files --stage -- /students_home/cs20171143/3-2/OS/uni20171143_uni20181281/project2-1/pintos/src/userprog/process.c
> git cat-file -s 3ffc3989f76bec9891c6e9f42f33062da4eff3b1
> git show --textconv :project2-1/pintos/src/userprog/process.c
> git show --textconv :project2-1/pintos/src/userprog/exception.c
> git ls-files --stage -- /students_home/cs20171143/3-2/OS/uni20171143_uni20181281/project2-1/pintos/src/userprog/exception.c
> git cat-file -s 19aca125e331783bad87330e8e7213f72072e580
> git status -z -u
> git symbolic-ref --short HEAD
> git rev-parse master
> git rev-parse --symbolic-full-name master@{u}
> git rev-list --left-right master...refs/remotes/origin/master
> git for-each-ref --sort -committerdate --format %(refname) %(objectname)
> git remote --verbose
> git config --get commit.template
> git status -z -u
> git symbolic-ref --short HEAD
> git rev-parse master
> git rev-parse --symbolic-full-name master@{u}
> git rev-list --left-right master...refs/remotes/origin/master
> git for-each-ref --sort -committerdate --format %(refname) %(objectname)
> git remote --verbose
> git config --get commit.template
> git show --textconv :project2-1/pintos/src/userprog/process.c
> git ls-files --stage -- /students_home/cs20171143/3-2/OS/uni20171143_uni20181281/project2-1/pintos/src/userprog/process.c
> git cat-file -s 3ffc3989f76bec9891c6e9f42f33062da4eff3b1
> git show --textconv :project2-1/pintos/src/userprog/syscall.c
> git ls-files --stage -- /students_home/cs20171143/3-2/OS/uni20171143_uni20181281/project2-1/pintos/src/userprog/syscall.c
> git cat-file -s 370c89b10f90501a4684c604ddbff9503481cf7a
> git check-ignore -v -z --stdin
> git show --textconv :project2-1/pintos/src/threads/init.c
> git ls-files --stage -- /students_home/cs20171143/3-2/OS/uni20171143_uni20181281/project2-1/pintos/src/threads/init.c
> git cat-file -s cebec2c817f5954b9accf9558dbd36822c1fb8f4
> git check-ignore -v -z --stdin
> git show --textconv :project2-1/pintos/src/userprog/process.c
> git ls-files --stage -- /students_home/cs20171143/3-2/OS/uni20171143_uni20181281/project2-1/pintos/src/userprog/process.c
> git cat-file -s 3ffc3989f76bec9891c6e9f42f33062da4eff3b1
> git check-ignore -v -z --stdin
> git status -z -u
> git symbolic-ref --short HEAD
> git rev-parse master
> git rev-parse --symbolic-full-name master@{u}
> git rev-list --left-right master...refs/remotes/origin/master
> git for-each-ref --sort -committerdate --format %(refname) %(objectname)
> git remote --verbose
> git config --get commit.template
> git status -z -u
> git symbolic-ref --short HEAD
> git rev-parse master
> git rev-parse --symbolic-full-name master@{u}
> git rev-list --left-right master...refs/remotes/origin/master
> git for-each-ref --sort -committerdate --format %(refname) %(objectname)
> git remote --verbose
> git config --get commit.template
> git status -z -u
> git symbolic-ref --short HEAD
> git rev-parse master
> git rev-parse --symbolic-full-name master@{u}
> git rev-list --left-right master...refs/remotes/origin/master
> git for-each-ref --sort -committerdate --format %(refname) %(objectname)
> git remote --verbose
> git config --get commit.template
> git status -z -u
> git symbolic-ref --short HEAD
> git rev-parse master
> git rev-parse --symbolic-full-name master@{u}
> git rev-list --left-right master...refs/remotes/origin/master
> git for-each-ref --sort -committerdate --format %(refname) %(objectname)
> git remote --verbose
> git config --get commit.template
> git status -z -u
> git symbolic-ref --short HEAD
> git rev-parse master
> git rev-parse --symbolic-full-name master@{u}
> git rev-list --left-right master...refs/remotes/origin/master
> git for-each-ref --sort -committerdate --format %(refname) %(objectname)
> git remote --verbose
> git config --get commit.template
> git status -z -u
> git symbolic-ref --short HEAD
> git rev-parse master
> git rev-parse --symbolic-full-name master@{u}
> git rev-list --left-right master...refs/remotes/origin/master
> git for-each-ref --sort -committerdate --format %(refname) %(objectname)
> git remote --verbose
> git config --get commit.template
> git status -z -u
> git symbolic-ref --short HEAD
> git rev-parse master
> git rev-parse --symbolic-full-name master@{u}
> git rev-list --left-right master...refs/remotes/origin/master
> git for-each-ref --sort -committerdate --format %(refname) %(objectname)
> git remote --verbose
> git config --get commit.template
> git status -z -u
> git symbolic-ref --short HEAD
> git rev-parse master
> git rev-parse --symbolic-full-name master@{u}
> git rev-list --left-right master...refs/remotes/origin/master
> git for-each-ref --sort -committerdate --format %(refname) %(objectname)
> git remote --verbose
> git config --get commit.template
> git status -z -u
> git symbolic-ref --short HEAD
> git rev-parse master
> git rev-parse --symbolic-full-name master@{u}
> git rev-list --left-right master...refs/remotes/origin/master
> git for-each-ref --sort -committerdate --format %(refname) %(objectname)
> git remote --verbose
> git config --get commit.template
> git status -z -u
> git symbolic-ref --short HEAD
> git rev-parse master
> git rev-parse --symbolic-full-name master@{u}
> git rev-list --left-right master...refs/remotes/origin/master
> git for-each-ref --sort -committerdate --format %(refname) %(objectname)
> git remote --verbose
> git config --get commit.template
> git show --textconv HEAD:project2-1/pintos/src/userprog/process.c
> git ls-tree -l HEAD -- /students_home/cs20171143/3-2/OS/uni20171143_uni20181281/project2-1/pintos/src/userprog/process.c
> git status -z -u
> git symbolic-ref --short HEAD
> git rev-parse master
> git rev-parse --symbolic-full-name master@{u}
> git rev-list --left-right master...refs/remotes/origin/master
> git for-each-ref --sort -committerdate --format %(refname) %(objectname)
> git remote --verbose
> git config --get commit.template
> git status -z -u
> git symbolic-ref --short HEAD
> git rev-parse master
> git rev-parse --symbolic-full-name master@{u}
> git rev-list --left-right master...refs/remotes/origin/master
> git for-each-ref --sort -committerdate --format %(refname) %(objectname)
> git remote --verbose
> git config --get commit.template
> git ls-files --stage -- /students_home/cs20171143/3-2/OS/uni20171143_uni20181281/project2-1/pintos/src/userprog/process.c
> git status -z -u
> git cat-file -s 3ffc3989f76bec9891c6e9f42f33062da4eff3b1
> git symbolic-ref --short HEAD
> git rev-parse master
> git rev-parse --symbolic-full-name master@{u}
> git rev-list --left-right master...refs/remotes/origin/master
> git for-each-ref --sort -committerdate --format %(refname) %(objectname)
> git remote --verbose
> git config --get commit.template
> git status -z -u
> git symbolic-ref --short HEAD
> git rev-parse master
> git rev-parse --symbolic-full-name master@{u}
> git rev-list --left-right master...refs/remotes/origin/master
> git for-each-ref --sort -committerdate --format %(refname) %(objectname)
> git remote --verbose
> git config --get commit.template
> git status -z -u
> git symbolic-ref --short HEAD
> git rev-parse master
> git rev-parse --symbolic-full-name master@{u}
> git rev-list --left-right master...refs/remotes/origin/master
> git for-each-ref --sort -committerdate --format %(refname) %(objectname)
> git remote --verbose
> git config --get commit.template
