Looking for git in: git
Using git 1.8.3.1 from git
> git rev-parse --git-dir
Open repository: /students_home/cs20171143/3-2/OS/uni20171143_uni20181281
> git status -z -u
> git symbolic-ref --short HEAD
> git rev-parse master
> git rev-parse --symbolic-full-name master@{u}
> git rev-list --left-right master...refs/remotes/origin/master
> git for-each-ref --sort -committerdate --format %(refname) %(objectname)
> git remote --verbose
> git config --get commit.template
> git show --textconv :project2-1/project2_design_document.txt
> git ls-files --stage -- /students_home/cs20171143/3-2/OS/uni20171143_uni20181281/project2-1/project2_design_document.txt
> git cat-file -s 4b671189cfba2a3edca5d78980f81621b565c257
> git check-ignore -v -z --stdin
> git status -z -u
> git symbolic-ref --short HEAD
> git rev-parse master
> git rev-parse --symbolic-full-name master@{u}
> git rev-list --left-right master...refs/remotes/origin/master
> git for-each-ref --sort -committerdate --format %(refname) %(objectname)
> git remote --verbose
> git config --get commit.template
> git status -z -u
> git symbolic-ref --short HEAD
> git rev-parse master
> git rev-parse --symbolic-full-name master@{u}
> git rev-list --left-right master...refs/remotes/origin/master
> git for-each-ref --sort -committerdate --format %(refname) %(objectname)
> git remote --verbose
> git config --get commit.template
> git check-ignore -v -z --stdin
> git check-ignore -v -z --stdin
> git check-ignore -v -z --stdin
> git show --textconv :project2-1/pintos/src/threads/thread.h
> git ls-files --stage -- /students_home/cs20171143/3-2/OS/uni20171143_uni20181281/project2-1/pintos/src/threads/thread.h
> git cat-file -s 3de2077b292cf56d283738b3eb918a084d25626f
> git status -z -u
> git symbolic-ref --short HEAD
> git rev-parse master
> git rev-parse --symbolic-full-name master@{u}
> git rev-list --left-right master...refs/remotes/origin/master
> git for-each-ref --sort -committerdate --format %(refname) %(objectname)
> git remote --verbose
> git config --get commit.template
> git show --textconv :project2-1/pintos/src/threads/thread.c
> git ls-files --stage -- /students_home/cs20171143/3-2/OS/uni20171143_uni20181281/project2-1/pintos/src/threads/thread.c
> git cat-file -s 6fd8b5982067c77e8a16b853bbe0a03f3230bfbe
> git status -z -u
> git symbolic-ref --short HEAD
> git rev-parse master
> git rev-parse --symbolic-full-name master@{u}
> git rev-list --left-right master...refs/remotes/origin/master
> git for-each-ref --sort -committerdate --format %(refname) %(objectname)
> git remote --verbose
> git config --get commit.template
> git check-ignore -v -z --stdin
> git show --textconv :project2-1/pintos/src/userprog/syscall.c
> git ls-files --stage -- /students_home/cs20171143/3-2/OS/uni20171143_uni20181281/project2-1/pintos/src/userprog/syscall.c
> git cat-file -s d2028b9f07e424c2487b9f6f74980b17146b5b4d
> git show --textconv :project2-1/pintos/src/threads/thread.c
> git ls-files --stage -- /students_home/cs20171143/3-2/OS/uni20171143_uni20181281/project2-1/pintos/src/threads/thread.c
> git cat-file -s 6fd8b5982067c77e8a16b853bbe0a03f3230bfbe
> git show --textconv :project2-1/pintos/src/threads/thread.h
> git ls-files --stage -- /students_home/cs20171143/3-2/OS/uni20171143_uni20181281/project2-1/pintos/src/threads/thread.h
> git cat-file -s 3de2077b292cf56d283738b3eb918a084d25626f
> git status -z -u
> git show --textconv :project2-1/pintos/src/userprog/syscall.c
> git ls-files --stage -- /students_home/cs20171143/3-2/OS/uni20171143_uni20181281/project2-1/pintos/src/userprog/syscall.c
> git cat-file -s d2028b9f07e424c2487b9f6f74980b17146b5b4d
> git symbolic-ref --short HEAD
> git rev-parse master
> git rev-parse --symbolic-full-name master@{u}
> git rev-list --left-right master...refs/remotes/origin/master
> git for-each-ref --sort -committerdate --format %(refname) %(objectname)
> git remote --verbose
> git config --get commit.template
> git ls-files --stage -- /students_home/cs20171143/3-2/OS/uni20171143_uni20181281/project2-1/pintos/src/userprog/syscall.c
> git cat-file -s d2028b9f07e424c2487b9f6f74980b17146b5b4d
> git show --textconv :project2-1/pintos/src/userprog/syscall.c
> git status -z -u
> git symbolic-ref --short HEAD
> git rev-parse master
> git rev-parse --symbolic-full-name master@{u}
> git rev-list --left-right master...refs/remotes/origin/master
> git for-each-ref --sort -committerdate --format %(refname) %(objectname)
> git remote --verbose
> git config --get commit.template
> git status -z -u
> git symbolic-ref --short HEAD
> git rev-parse master
> git rev-parse --symbolic-full-name master@{u}
> git rev-list --left-right master...refs/remotes/origin/master
> git for-each-ref --sort -committerdate --format %(refname) %(objectname)
> git remote --verbose
> git config --get commit.template
> git status -z -u
> git symbolic-ref --short HEAD
> git rev-parse master
> git rev-parse --symbolic-full-name master@{u}
> git rev-list --left-right master...refs/remotes/origin/master
> git for-each-ref --sort -committerdate --format %(refname) %(objectname)
> git remote --verbose
> git config --get commit.template
> git show --textconv :project2-1/pintos/src/threads/thread.c
> git ls-files --stage -- /students_home/cs20171143/3-2/OS/uni20171143_uni20181281/project2-1/pintos/src/threads/thread.c
> git cat-file -s 6fd8b5982067c77e8a16b853bbe0a03f3230bfbe
> git show --textconv :project2-1/pintos/src/threads/thread.h
> git ls-files --stage -- /students_home/cs20171143/3-2/OS/uni20171143_uni20181281/project2-1/pintos/src/threads/thread.h
> git cat-file -s 3de2077b292cf56d283738b3eb918a084d25626f
> git status -z -u
> git symbolic-ref --short HEAD
> git rev-parse master
> git rev-parse --symbolic-full-name master@{u}
> git rev-list --left-right master...refs/remotes/origin/master
> git for-each-ref --sort -committerdate --format %(refname) %(objectname)
> git remote --verbose
> git config --get commit.template
> git show --textconv :project2-1/pintos/src/userprog/syscall.c
> git ls-files --stage -- /students_home/cs20171143/3-2/OS/uni20171143_uni20181281/project2-1/pintos/src/userprog/syscall.c
> git cat-file -s d2028b9f07e424c2487b9f6f74980b17146b5b4d
> git show --textconv :project2-1/pintos/src/filesys/filesys.h
> git ls-files --stage -- /students_home/cs20171143/3-2/OS/uni20171143_uni20181281/project2-1/pintos/src/filesys/filesys.h
> git cat-file -s c1cda84ecc324fbe70b4e9e3e729ed9ade89c24b
> git show --textconv :project2-1/pintos/src/filesys/filesys.c
> git ls-files --stage -- /students_home/cs20171143/3-2/OS/uni20171143_uni20181281/project2-1/pintos/src/filesys/filesys.c
> git cat-file -s be139f1d7f3237e925e5d376944852bf6f9e6b38
> git show --textconv :project2-1/pintos/src/filesys/filesys.h
> git ls-files --stage -- /students_home/cs20171143/3-2/OS/uni20171143_uni20181281/project2-1/pintos/src/filesys/filesys.h
> git cat-file -s c1cda84ecc324fbe70b4e9e3e729ed9ade89c24b
> git show --textconv :project2-1/pintos/src/userprog/syscall.c
> git ls-files --stage -- /students_home/cs20171143/3-2/OS/uni20171143_uni20181281/project2-1/pintos/src/userprog/syscall.c
> git cat-file -s d2028b9f07e424c2487b9f6f74980b17146b5b4d
> git status -z -u
> git symbolic-ref --short HEAD
> git rev-parse master
> git rev-parse --symbolic-full-name master@{u}
> git rev-list --left-right master...refs/remotes/origin/master
> git for-each-ref --sort -committerdate --format %(refname) %(objectname)
> git remote --verbose
> git config --get commit.template
> git status -z -u
> git symbolic-ref --short HEAD
> git rev-parse master
> git rev-parse --symbolic-full-name master@{u}
> git rev-list --left-right master...refs/remotes/origin/master
> git for-each-ref --sort -committerdate --format %(refname) %(objectname)
> git remote --verbose
> git config --get commit.template
> git status -z -u
> git symbolic-ref --short HEAD
> git rev-parse master
> git rev-parse --symbolic-full-name master@{u}
> git rev-list --left-right master...refs/remotes/origin/master
> git for-each-ref --sort -committerdate --format %(refname) %(objectname)
> git remote --verbose
> git config --get commit.template
> git status -z -u
> git symbolic-ref --short HEAD
> git rev-parse master
> git rev-parse --symbolic-full-name master@{u}
> git rev-list --left-right master...refs/remotes/origin/master
> git for-each-ref --sort -committerdate --format %(refname) %(objectname)
> git remote --verbose
> git config --get commit.template
> git status -z -u
> git symbolic-ref --short HEAD
> git rev-parse master
> git rev-parse --symbolic-full-name master@{u}
> git rev-list --left-right master...refs/remotes/origin/master
> git for-each-ref --sort -committerdate --format %(refname) %(objectname)
> git remote --verbose
> git config --get commit.template
> git status -z -u
> git symbolic-ref --short HEAD
> git rev-parse master
> git rev-parse --symbolic-full-name master@{u}
> git rev-list --left-right master...refs/remotes/origin/master
> git for-each-ref --sort -committerdate --format %(refname) %(objectname)
> git remote --verbose
> git config --get commit.template
> git status -z -u
> git symbolic-ref --short HEAD
> git rev-parse master
> git rev-parse --symbolic-full-name master@{u}
> git rev-list --left-right master...refs/remotes/origin/master
> git for-each-ref --sort -committerdate --format %(refname) %(objectname)
> git remote --verbose
> git config --get commit.template
> git status -z -u
> git symbolic-ref --short HEAD
> git rev-parse master
> git rev-parse --symbolic-full-name master@{u}
> git rev-list --left-right master...refs/remotes/origin/master
> git for-each-ref --sort -committerdate --format %(refname) %(objectname)
> git remote --verbose
> git config --get commit.template
> git status -z -u
> git symbolic-ref --short HEAD
> git rev-parse master
> git rev-parse --symbolic-full-name master@{u}
> git rev-list --left-right master...refs/remotes/origin/master
> git for-each-ref --sort -committerdate --format %(refname) %(objectname)
> git remote --verbose
> git config --get commit.template
> git status -z -u
> git symbolic-ref --short HEAD
> git rev-parse master
> git rev-parse --symbolic-full-name master@{u}
> git rev-list --left-right master...refs/remotes/origin/master
> git for-each-ref --sort -committerdate --format %(refname) %(objectname)
> git remote --verbose
> git config --get commit.template
> git status -z -u
> git symbolic-ref --short HEAD
> git rev-parse master
> git rev-parse --symbolic-full-name master@{u}
> git rev-list --left-right master...refs/remotes/origin/master
> git for-each-ref --sort -committerdate --format %(refname) %(objectname)
> git remote --verbose
> git config --get commit.template
> git status -z -u
> git symbolic-ref --short HEAD
> git rev-parse master
> git rev-parse --symbolic-full-name master@{u}
> git rev-list --left-right master...refs/remotes/origin/master
> git for-each-ref --sort -committerdate --format %(refname) %(objectname)
> git remote --verbose
> git config --get commit.template
> git status -z -u
> git symbolic-ref --short HEAD
> git rev-parse master
> git rev-parse --symbolic-full-name master@{u}
> git rev-list --left-right master...refs/remotes/origin/master
> git for-each-ref --sort -committerdate --format %(refname) %(objectname)
> git remote --verbose
> git config --get commit.template
> git status -z -u
> git symbolic-ref --short HEAD
> git rev-parse master
> git rev-parse --symbolic-full-name master@{u}
> git rev-list --left-right master...refs/remotes/origin/master
> git for-each-ref --sort -committerdate --format %(refname) %(objectname)
> git remote --verbose
> git config --get commit.template
> git status -z -u
> git symbolic-ref --short HEAD
> git rev-parse master
> git rev-parse --symbolic-full-name master@{u}
> git rev-list --left-right master...refs/remotes/origin/master
> git for-each-ref --sort -committerdate --format %(refname) %(objectname)
> git remote --verbose
> git config --get commit.template
> git status -z -u
> git symbolic-ref --short HEAD
> git rev-parse master
> git rev-parse --symbolic-full-name master@{u}
> git rev-list --left-right master...refs/remotes/origin/master
> git for-each-ref --sort -committerdate --format %(refname) %(objectname)
> git remote --verbose
> git config --get commit.template
> git status -z -u
> git symbolic-ref --short HEAD
> git rev-parse master
> git rev-parse --symbolic-full-name master@{u}
> git rev-list --left-right master...refs/remotes/origin/master
> git for-each-ref --sort -committerdate --format %(refname) %(objectname)
> git remote --verbose
> git config --get commit.template
> git status -z -u
> git symbolic-ref --short HEAD
> git rev-parse master
> git rev-parse --symbolic-full-name master@{u}
> git rev-list --left-right master...refs/remotes/origin/master
> git for-each-ref --sort -committerdate --format %(refname) %(objectname)
> git remote --verbose
> git config --get commit.template
> git status -z -u
> git symbolic-ref --short HEAD
> git rev-parse master
> git rev-parse --symbolic-full-name master@{u}
> git rev-list --left-right master...refs/remotes/origin/master
> git for-each-ref --sort -committerdate --format %(refname) %(objectname)
> git remote --verbose
> git config --get commit.template
> git show --textconv HEAD:project2-1/project2_design_document.txt
> git ls-tree -l HEAD -- /students_home/cs20171143/3-2/OS/uni20171143_uni20181281/project2-1/project2_design_document.txt
> git show --textconv :project2-1/pintos/src/threads/thread.h
> git ls-files --stage -- /students_home/cs20171143/3-2/OS/uni20171143_uni20181281/project2-1/pintos/src/threads/thread.h
> git cat-file -s 3de2077b292cf56d283738b3eb918a084d25626f
> git status -z -u
> git symbolic-ref --short HEAD
> git rev-parse master
> git rev-parse --symbolic-full-name master@{u}
> git rev-list --left-right master...refs/remotes/origin/master
> git for-each-ref --sort -committerdate --format %(refname) %(objectname)
> git remote --verbose
> git config --get commit.template
> git show --textconv :project2-1/project2_design_document.txt
> git ls-files --stage -- /students_home/cs20171143/3-2/OS/uni20171143_uni20181281/project2-1/project2_design_document.txt
> git cat-file -s 4b671189cfba2a3edca5d78980f81621b565c257
> git log --format=%H%n%aN%n%aE%n%at%n%ct%n%P%n%B -z -n21 -- /students_home/cs20171143/3-2/OS/uni20171143_uni20181281/project2-1/project2_design_document.txt
> git ls-tree -l HEAD -- /students_home/cs20171143/3-2/OS/uni20171143_uni20181281/project2-1/project2_design_document.txt
> git log --format=%H%n%aN%n%aE%n%at%n%ct%n%P%n%B -z -n41 -- /students_home/cs20171143/3-2/OS/uni20171143_uni20181281/project2-1/project2_design_document.txt
> git show --textconv :project2-1/project2_design_document.txt
> git ls-files --stage -- /students_home/cs20171143/3-2/OS/uni20171143_uni20181281/project2-1/project2_design_document.txt
> git cat-file -s 4b671189cfba2a3edca5d78980f81621b565c257
