[2020-10-26 20:05:50.634] [exthost] [info] extension host started
[2020-10-26 20:05:51.091] [exthost] [info] ExtensionService#_doActivateExtension ms-vscode.js-debug {"startup":false,"extensionId":{"value":"ms-vscode.js-debug","_lower":"ms-vscode.js-debug"},"activationEvent":"onDebugDynamicConfigurations"}
[2020-10-26 20:05:51.092] [exthost] [info] ExtensionService#loadCommonJSModule file:///students_home/cs20171143/.vscode-server/bin/d2e414d9e4239a252d1ab117bd7067f125afd80a/extensions/ms-vscode.js-debug/src/extension.js
[2020-10-26 20:05:51.491] [exthost] [info] ExtensionService#_doActivateExtension vscode.debug-auto-launch {"startup":true,"extensionId":{"value":"vscode.debug-auto-launch","_lower":"vscode.debug-auto-launch"},"activationEvent":"*"}
[2020-10-26 20:05:51.491] [exthost] [info] ExtensionService#loadCommonJSModule file:///students_home/cs20171143/.vscode-server/bin/d2e414d9e4239a252d1ab117bd7067f125afd80a/extensions/debug-auto-launch/dist/extension
[2020-10-26 20:05:51.497] [exthost] [info] ExtensionService#_doActivateExtension vscode.emmet {"startup":true,"extensionId":{"value":"vscode.emmet","_lower":"vscode.emmet"},"activationEvent":"*"}
[2020-10-26 20:05:51.497] [exthost] [info] ExtensionService#loadCommonJSModule file:///students_home/cs20171143/.vscode-server/bin/d2e414d9e4239a252d1ab117bd7067f125afd80a/extensions/emmet/dist/node/emmetNodeMain
[2020-10-26 20:05:51.530] [exthost] [info] ExtensionService#_doActivateExtension vscode.git {"startup":true,"extensionId":{"value":"vscode.github","_lower":"vscode.github"},"activationEvent":"*"}
[2020-10-26 20:05:51.530] [exthost] [info] ExtensionService#loadCommonJSModule file:///students_home/cs20171143/.vscode-server/bin/d2e414d9e4239a252d1ab117bd7067f125afd80a/extensions/git/dist/main
[2020-10-26 20:05:51.599] [exthost] [info] ExtensionService#_doActivateExtension vscode.merge-conflict {"startup":true,"extensionId":{"value":"vscode.merge-conflict","_lower":"vscode.merge-conflict"},"activationEvent":"*"}
[2020-10-26 20:05:51.599] [exthost] [info] ExtensionService#loadCommonJSModule file:///students_home/cs20171143/.vscode-server/bin/d2e414d9e4239a252d1ab117bd7067f125afd80a/extensions/merge-conflict/dist/mergeConflictMain
[2020-10-26 20:05:51.606] [exthost] [info] ExtensionService#_doActivateExtension vscode.search-result {"startup":true,"extensionId":{"value":"vscode.search-result","_lower":"vscode.search-result"},"activationEvent":"*"}
[2020-10-26 20:05:51.606] [exthost] [info] ExtensionService#loadCommonJSModule file:///students_home/cs20171143/.vscode-server/bin/d2e414d9e4239a252d1ab117bd7067f125afd80a/extensions/search-result/dist/extension.js
[2020-10-26 20:05:51.974] [exthost] [info] ExtensionService#_doActivateExtension vscode.github {"startup":true,"extensionId":{"value":"vscode.github","_lower":"vscode.github"},"activationEvent":"*"}
[2020-10-26 20:05:51.975] [exthost] [info] ExtensionService#loadCommonJSModule file:///students_home/cs20171143/.vscode-server/bin/d2e414d9e4239a252d1ab117bd7067f125afd80a/extensions/github/dist/extension.js
[2020-10-26 20:05:52.329] [exthost] [info] eager extensions activated
[2020-10-26 22:07:31.856] [exthost] [info] ExtensionService#_doActivateExtension vscode.npm {"startup":false,"extensionId":{"value":"vscode.npm","_lower":"vscode.npm"},"activationEvent":"onView:npm"}
[2020-10-26 22:07:31.857] [exthost] [info] ExtensionService#loadCommonJSModule file:///students_home/cs20171143/.vscode-server/bin/d2e414d9e4239a252d1ab117bd7067f125afd80a/extensions/npm/dist/npmMain
[2020-10-26 22:07:34.994] [exthost] [info] ExtensionService#_doActivateExtension vscode.grunt {"startup":false,"extensionId":{"value":"vscode.grunt","_lower":"vscode.grunt"},"activationEvent":"onCommand:workbench.action.tasks.runTask"}
[2020-10-26 22:07:34.994] [exthost] [info] ExtensionService#loadCommonJSModule file:///students_home/cs20171143/.vscode-server/bin/d2e414d9e4239a252d1ab117bd7067f125afd80a/extensions/grunt/dist/main
[2020-10-26 22:07:35.001] [exthost] [info] ExtensionService#_doActivateExtension vscode.gulp {"startup":false,"extensionId":{"value":"vscode.gulp","_lower":"vscode.gulp"},"activationEvent":"onCommand:workbench.action.tasks.runTask"}
[2020-10-26 22:07:35.001] [exthost] [info] ExtensionService#loadCommonJSModule file:///students_home/cs20171143/.vscode-server/bin/d2e414d9e4239a252d1ab117bd7067f125afd80a/extensions/gulp/dist/main
[2020-10-26 22:07:35.007] [exthost] [info] ExtensionService#_doActivateExtension vscode.jake {"startup":false,"extensionId":{"value":"vscode.jake","_lower":"vscode.jake"},"activationEvent":"onCommand:workbench.action.tasks.runTask"}
[2020-10-26 22:07:35.007] [exthost] [info] ExtensionService#loadCommonJSModule file:///students_home/cs20171143/.vscode-server/bin/d2e414d9e4239a252d1ab117bd7067f125afd80a/extensions/jake/dist/main
[2020-10-26 22:07:35.013] [exthost] [info] ExtensionService#_doActivateExtension vscode.typescript-language-features {"startup":false,"extensionId":{"value":"vscode.typescript-language-features","_lower":"vscode.typescript-language-features"},"activationEvent":"onCommand:workbench.action.tasks.runTask"}
[2020-10-26 22:07:35.013] [exthost] [info] ExtensionService#loadCommonJSModule file:///students_home/cs20171143/.vscode-server/bin/d2e414d9e4239a252d1ab117bd7067f125afd80a/extensions/typescript-language-features/dist/extension
