[2020-10-25 11:18:08.450] [exthost] [info] extension host started
[2020-10-25 11:18:08.550] [exthost] [info] ExtensionService#_doActivateExtension ms-vscode.js-debug {"startup":false,"extensionId":{"value":"ms-vscode.js-debug","_lower":"ms-vscode.js-debug"},"activationEvent":"onDebugDynamicConfigurations"}
[2020-10-25 11:18:08.551] [exthost] [info] ExtensionService#loadCommonJSModule file:///students_home/cs20171143/.vscode-server/bin/d2e414d9e4239a252d1ab117bd7067f125afd80a/extensions/ms-vscode.js-debug/src/extension.js
[2020-10-25 11:18:08.949] [exthost] [info] ExtensionService#_doActivateExtension vscode.debug-auto-launch {"startup":true,"extensionId":{"value":"vscode.debug-auto-launch","_lower":"vscode.debug-auto-launch"},"activationEvent":"*"}
[2020-10-25 11:18:08.949] [exthost] [info] ExtensionService#loadCommonJSModule file:///students_home/cs20171143/.vscode-server/bin/d2e414d9e4239a252d1ab117bd7067f125afd80a/extensions/debug-auto-launch/dist/extension
[2020-10-25 11:18:08.955] [exthost] [info] ExtensionService#_doActivateExtension vscode.emmet {"startup":true,"extensionId":{"value":"vscode.emmet","_lower":"vscode.emmet"},"activationEvent":"*"}
[2020-10-25 11:18:08.956] [exthost] [info] ExtensionService#loadCommonJSModule file:///students_home/cs20171143/.vscode-server/bin/d2e414d9e4239a252d1ab117bd7067f125afd80a/extensions/emmet/dist/node/emmetNodeMain
[2020-10-25 11:18:08.988] [exthost] [info] ExtensionService#_doActivateExtension vscode.git {"startup":true,"extensionId":{"value":"vscode.github","_lower":"vscode.github"},"activationEvent":"*"}
[2020-10-25 11:18:08.988] [exthost] [info] ExtensionService#loadCommonJSModule file:///students_home/cs20171143/.vscode-server/bin/d2e414d9e4239a252d1ab117bd7067f125afd80a/extensions/git/dist/main
[2020-10-25 11:18:09.056] [exthost] [info] ExtensionService#_doActivateExtension vscode.merge-conflict {"startup":true,"extensionId":{"value":"vscode.merge-conflict","_lower":"vscode.merge-conflict"},"activationEvent":"*"}
[2020-10-25 11:18:09.056] [exthost] [info] ExtensionService#loadCommonJSModule file:///students_home/cs20171143/.vscode-server/bin/d2e414d9e4239a252d1ab117bd7067f125afd80a/extensions/merge-conflict/dist/mergeConflictMain
[2020-10-25 11:18:09.063] [exthost] [info] ExtensionService#_doActivateExtension vscode.search-result {"startup":true,"extensionId":{"value":"vscode.search-result","_lower":"vscode.search-result"},"activationEvent":"*"}
[2020-10-25 11:18:09.063] [exthost] [info] ExtensionService#loadCommonJSModule file:///students_home/cs20171143/.vscode-server/bin/d2e414d9e4239a252d1ab117bd7067f125afd80a/extensions/search-result/dist/extension.js
[2020-10-25 11:18:09.267] [exthost] [info] ExtensionService#_doActivateExtension vscode.github {"startup":true,"extensionId":{"value":"vscode.github","_lower":"vscode.github"},"activationEvent":"*"}
[2020-10-25 11:18:09.267] [exthost] [info] ExtensionService#loadCommonJSModule file:///students_home/cs20171143/.vscode-server/bin/d2e414d9e4239a252d1ab117bd7067f125afd80a/extensions/github/dist/extension.js
[2020-10-25 11:18:09.634] [exthost] [info] eager extensions activated
[2020-10-25 11:42:43.564] [exthost] [info] ExtensionService#_doActivateExtension vscode.grunt {"startup":false,"extensionId":{"value":"vscode.grunt","_lower":"vscode.grunt"},"activationEvent":"onCommand:workbench.action.tasks.runTask"}
[2020-10-25 11:42:43.564] [exthost] [info] ExtensionService#loadCommonJSModule file:///students_home/cs20171143/.vscode-server/bin/d2e414d9e4239a252d1ab117bd7067f125afd80a/extensions/grunt/dist/main
[2020-10-25 11:42:43.574] [exthost] [info] ExtensionService#_doActivateExtension vscode.gulp {"startup":false,"extensionId":{"value":"vscode.gulp","_lower":"vscode.gulp"},"activationEvent":"onCommand:workbench.action.tasks.runTask"}
[2020-10-25 11:42:43.575] [exthost] [info] ExtensionService#loadCommonJSModule file:///students_home/cs20171143/.vscode-server/bin/d2e414d9e4239a252d1ab117bd7067f125afd80a/extensions/gulp/dist/main
[2020-10-25 11:42:43.582] [exthost] [info] ExtensionService#_doActivateExtension vscode.jake {"startup":false,"extensionId":{"value":"vscode.jake","_lower":"vscode.jake"},"activationEvent":"onCommand:workbench.action.tasks.runTask"}
[2020-10-25 11:42:43.582] [exthost] [info] ExtensionService#loadCommonJSModule file:///students_home/cs20171143/.vscode-server/bin/d2e414d9e4239a252d1ab117bd7067f125afd80a/extensions/jake/dist/main
[2020-10-25 11:42:43.590] [exthost] [info] ExtensionService#_doActivateExtension vscode.npm {"startup":false,"extensionId":{"value":"vscode.npm","_lower":"vscode.npm"},"activationEvent":"onCommand:workbench.action.tasks.runTask"}
[2020-10-25 11:42:43.590] [exthost] [info] ExtensionService#loadCommonJSModule file:///students_home/cs20171143/.vscode-server/bin/d2e414d9e4239a252d1ab117bd7067f125afd80a/extensions/npm/dist/npmMain
[2020-10-25 11:42:43.612] [exthost] [info] ExtensionService#_doActivateExtension vscode.typescript-language-features {"startup":false,"extensionId":{"value":"vscode.typescript-language-features","_lower":"vscode.typescript-language-features"},"activationEvent":"onCommand:workbench.action.tasks.runTask"}
[2020-10-25 11:42:43.612] [exthost] [info] ExtensionService#loadCommonJSModule file:///students_home/cs20171143/.vscode-server/bin/d2e414d9e4239a252d1ab117bd7067f125afd80a/extensions/typescript-language-features/dist/extension
